[2013-03-16 09:26:46] START
[2013-03-16 09:26:46] EDIT welcome/controllers/default.py: 2
[2013-11-05 22:06:36] CREATE tables.py: 0
[2013-11-05 22:15:28] EDIT p1/models/tables.py: 5
[2013-11-05 22:15:37] EDIT p1/models/tables.py: 0
[2013-11-05 22:15:47] EDIT p1/models/tables.py: 0
[2013-11-05 22:17:40] EDIT p1/models/tables.py: 1
[2013-11-05 22:21:35] EDIT p1/models/tables.py: 1
[2013-11-05 22:24:27] CREATE default/profile.html: 0
[2013-11-05 22:24:51] CREATE default/search.html: 0
[2013-11-05 22:30:34] EDIT p1/views/default/index.html: -9
[2013-11-05 22:31:25] EDIT p1/views/default/index.html: 0
[2013-11-05 22:33:40] EDIT p1/controllers/default.py: 5
[2013-11-05 22:35:06] EDIT p1/models/tables.py: -1
[2013-11-05 22:35:46] EDIT p1/models/tables.py: 0
[2013-11-05 22:38:36] EDIT p1/models/tables.py: 0
[2013-11-05 22:38:59] EDIT p1/models/tables.py: 0
[2013-11-05 22:39:52] EDIT p1/views/default/index.html: 0
[2013-11-05 22:41:05] EDIT p1/controllers/default.py: -1
[2013-11-05 22:41:40] EDIT p1/controllers/default.py: 0
[2013-11-05 22:45:10] EDIT p1/views/default/search.html: 3
[2013-11-05 22:47:38] EDIT p1/controllers/default.py: 4
[2013-11-05 22:48:47] EDIT p1/controllers/default.py: 0
[2013-11-05 22:48:59] EDIT p1/views/default/search.html: 0
[2013-11-06 00:23:20] EDIT p1/views/default/index.html: 0
[2013-11-06 12:16:48] CREATE default/inbox.html: 0
[2013-11-06 12:19:28] EDIT p1/views/default/inbox.html: 2
[2013-11-06 12:19:47] EDIT p1/views/default/index.html: 0
[2013-11-06 12:19:57] EDIT p1/views/default/inbox.html: 0
[2013-11-06 12:23:55] EDIT p1/views/default/index.html: 0
[2013-11-06 12:25:30] EDIT p1/controllers/default.py: 2
[2013-11-06 12:26:21] EDIT p1/views/default/index.html: 0
[2013-11-06 12:27:34] EDIT p1/controllers/default.py: 0
[2013-11-06 12:28:23] EDIT p1/controllers/default.py: 1
[2013-11-06 12:31:38] EDIT p1/controllers/default.py: 3
[2013-11-06 12:33:09] EDIT p1/views/default/profile.html: -1
[2013-11-06 12:37:34] EDIT p1/controllers/default.py: 0
[2013-11-06 12:38:13] EDIT p1/controllers/default.py: 0
[2013-11-06 12:38:40] EDIT p1/controllers/default.py: 0
[2013-11-06 12:39:00] EDIT p1/controllers/default.py: 0
[2013-11-06 12:42:25] EDIT p1/controllers/default.py: 0
[2013-11-06 12:43:22] EDIT p1/views/default/profile.html: 0
[2013-11-06 12:43:39] EDIT p1/controllers/default.py: 0
[2013-11-06 12:43:52] EDIT p1/controllers/default.py: 0
[2013-11-06 12:52:04] EDIT p1/views/default/profile.html: 2
[2013-11-06 12:56:51] EDIT p1/controllers/default.py: 2
[2013-11-06 13:01:40] EDIT p1/views/default/profile.html: 4
[2013-11-06 17:21:41] EDIT p1/models/tables.py: 1
[2013-11-06 17:22:11] EDIT p1/models/tables.py: 0
[2013-11-06 17:37:57] EDIT p1/models/tables.py: 1
[2013-11-06 17:38:06] EDIT p1/models/tables.py: 0
[2013-11-06 17:38:53] EDIT p1/models/tables.py: 0
[2013-11-06 17:38:59] EDIT p1/models/tables.py: 0
[2013-11-06 17:39:51] EDIT p1/models/tables.py: 0
[2013-11-06 17:40:23] EDIT p1/models/tables.py: 0
[2013-11-06 17:40:49] EDIT p1/models/tables.py: 0
[2013-11-06 17:41:04] EDIT p1/models/tables.py: 0
[2013-11-06 17:41:17] EDIT p1/models/tables.py: 0
[2013-11-06 17:42:46] EDIT p1/models/tables.py: 0
[2013-11-06 17:47:22] EDIT p1/models/tables.py: 0
[2013-11-06 17:49:27] EDIT p1/models/tables.py: 0
[2013-11-06 18:03:21] EDIT p1/views/default/profile.html: 4
[2013-11-06 18:03:50] EDIT p1/views/default/profile.html: 0
[2013-11-06 18:07:42] EDIT p1/views/default/profile.html: 1
[2013-11-06 18:07:59] EDIT p1/views/default/profile.html: 0
[2013-11-06 18:08:53] EDIT p1/views/default/profile.html: 2
[2013-11-06 18:09:39] EDIT p1/views/default/profile.html: 0
[2013-11-06 18:10:03] EDIT p1/views/default/profile.html: 0
[2013-11-06 18:11:03] EDIT p1/views/default/profile.html: 2
[2013-11-06 18:11:24] EDIT p1/views/default/profile.html: 0
[2013-11-06 18:15:08] EDIT p1/views/default/profile.html: 2
[2013-11-06 18:16:38] EDIT p1/views/default/profile.html: 2
[2013-11-06 18:18:08] EDIT p1/views/default/profile.html: 0
[2013-11-06 18:20:16] EDIT p1/views/default/profile.html: 0
[2013-11-06 18:20:58] EDIT p1/views/default/profile.html: 0
[2013-11-06 18:22:57] EDIT p1/views/default/profile.html: 0
[2013-11-06 18:23:43] EDIT p1/views/default/profile.html: 0
[2013-11-06 18:23:57] EDIT p1/views/default/profile.html: 0
[2013-11-06 18:27:55] EDIT p1/views/default/profile.html: 14
[2013-11-06 18:28:45] EDIT p1/views/default/profile.html: 0
[2013-11-06 18:32:14] EDIT p1/views/default/profile.html: 0
[2013-11-06 18:33:11] EDIT p1/views/default/profile.html: 0
[2013-11-06 18:33:30] EDIT p1/views/default/profile.html: 0
[2013-11-06 18:33:48] EDIT p1/views/default/profile.html: 0
[2013-11-06 18:34:59] EDIT p1/views/default/profile.html: 2
[2013-11-06 18:35:56] EDIT p1/views/default/profile.html: 0
[2013-11-06 18:36:26] EDIT p1/views/default/profile.html: 0
[2013-11-06 18:38:12] EDIT p1/views/default/profile.html: 0
[2013-11-06 18:38:26] EDIT p1/views/default/profile.html: 0
[2013-11-06 18:39:10] EDIT p1/views/default/profile.html: 0
[2013-11-08 01:11:11] EDIT p1/models/tables.py: 0
[2013-11-08 01:11:50] EDIT p1/models/tables.py: 0
[2013-11-08 01:14:09] EDIT p1/controllers/default.py: 5
[2013-11-08 01:14:37] EDIT p1/models/tables.py: 0
[2013-11-08 01:15:17] EDIT p1/controllers/default.py: -5
[2013-11-08 01:15:27] EDIT p1/models/tables.py: 5
[2013-11-08 13:02:04] EDIT p1/models/tables.py: 0
[2013-11-08 13:07:04] EDIT p1/models/tables.py: 0
[2013-11-08 13:07:29] EDIT p1/models/tables.py: 0
[2013-11-08 13:11:19] EDIT p1/models/tables.py: 0
[2013-11-08 13:15:12] EDIT p1/models/tables.py: 0
[2013-11-08 13:21:57] EDIT p1/models/tables.py: 0
[2013-11-08 13:24:01] EDIT p1/models/tables.py: 0
[2013-11-08 13:25:52] EDIT p1/models/tables.py: 0
[2013-11-08 13:26:15] EDIT p1/models/tables.py: 0
[2013-11-08 13:52:41] CREATE default/media.html: 0
[2013-11-08 13:53:34] CREATE default/media/pokemonX.jpg: 0
[2013-11-08 13:54:50] DELETE p1/views/default/media/pokemonX.jpg: 0
[2013-11-08 14:03:17] UPLOAD C:/Users/John/Downloads/web2py_win/web2py/applications/p1/static/PokemonX.jpg: 2756
[2013-11-08 14:10:47] EDIT p1/models/tables.py: 3
[2013-11-08 16:37:14] EDIT p1/models/tables.py: 0
[2013-11-08 16:37:20] EDIT p1/models/tables.py: 0
[2013-11-10 14:10:07] EDIT p1/views/default/profile.html: 0
[2013-11-10 14:11:09] EDIT p1/views/default/profile.html: 0
[2013-11-10 14:12:01] EDIT p1/views/default/profile.html: 0
[2013-11-10 14:13:56] EDIT p1/views/default/profile.html: 0
[2013-11-10 14:23:39] EDIT p1/models/tables.py: 0
[2013-11-10 14:25:15] EDIT p1/models/tables.py: 1
[2013-11-10 14:31:06] EDIT p1/models/tables.py: -1
[2013-11-10 14:33:46] EDIT p1/views/default/profile.html: 0
[2013-11-10 14:34:37] EDIT p1/views/default/profile.html: 0
[2013-11-10 14:36:51] EDIT p1/views/default/profile.html: 0
[2013-11-10 14:37:16] EDIT p1/views/default/profile.html: 0
[2013-11-10 15:08:13] EDIT p1/models/tables.py: 0
[2013-11-10 15:13:43] EDIT p1/models/tables.py: 1
[2013-11-10 15:15:33] EDIT p1/models/tables.py: 0
[2013-11-10 15:19:21] EDIT p1/models/tables.py: 0
[2013-11-10 15:25:43] EDIT p1/models/tables.py: 1
[2013-11-10 15:55:20] EDIT p1/controllers/default.py: 7
[2013-11-10 15:55:38] EDIT p1/controllers/default.py: 0
[2013-11-10 16:42:51] EDIT p1/controllers/default.py: 2
[2013-11-10 16:47:23] EDIT p1/controllers/default.py: 0
[2013-11-10 16:51:25] EDIT p1/controllers/default.py: 0
[2013-11-10 16:56:32] EDIT p1/controllers/default.py: 0
[2013-11-10 16:57:33] EDIT p1/controllers/default.py: 1
[2013-11-10 17:01:56] EDIT p1/controllers/default.py: 0
[2013-11-10 17:02:40] EDIT p1/controllers/default.py: -1
[2013-11-10 17:04:02] EDIT p1/controllers/default.py: 0
[2013-11-10 17:05:57] EDIT p1/controllers/default.py: 0
[2013-11-10 17:15:59] EDIT p1/controllers/default.py: 6
[2013-11-10 17:16:45] EDIT p1/controllers/default.py: 0
[2013-11-10 17:18:16] EDIT p1/controllers/default.py: 0
[2013-11-10 17:19:57] EDIT p1/controllers/default.py: 0
[2013-11-10 17:22:04] EDIT p1/controllers/default.py: 0
[2013-11-10 17:25:22] EDIT p1/controllers/default.py: 0
[2013-11-10 17:26:56] EDIT p1/controllers/default.py: 0
[2013-11-10 17:27:58] EDIT p1/controllers/default.py: 0
[2013-11-10 21:17:36] EDIT p1/models/tables.py: 1
[2013-11-10 21:25:00] EDIT p1/models/tables.py: 0
[2013-11-10 21:30:03] EDIT p1/models/tables.py: 0
[2013-11-10 21:30:10] EDIT p1/models/tables.py: 0
[2013-11-10 21:30:34] EDIT p1/models/tables.py: -1
[2013-11-10 21:50:02] EDIT p1/models/tables.py: 0
[2013-11-10 21:53:53] EDIT p1/models/tables.py: 0
[2013-11-10 22:05:00] EDIT p1/controllers/default.py: 6
[2013-11-10 22:12:38] EDIT p1/views/default/profile.html: 0
[2013-11-10 22:13:06] EDIT p1/views/default/profile.html: 0
[2013-11-10 22:13:33] EDIT p1/views/default/profile.html: 0
[2013-11-10 22:27:39] EDIT p1/views/default/profile.html: 0
[2013-11-10 22:28:03] EDIT p1/views/default/profile.html: 0
[2013-11-10 22:28:24] EDIT p1/views/default/profile.html: 0
[2013-11-10 22:28:57] EDIT p1/views/default/profile.html: 0
[2013-11-10 22:29:11] EDIT p1/views/default/profile.html: 0
[2013-11-10 22:34:45] EDIT p1/controllers/default.py: 0
[2013-11-10 22:38:55] EDIT p1/views/default/profile.html: 2
[2013-11-10 22:42:20] EDIT p1/views/default/profile.html: 0
[2013-11-10 22:42:49] EDIT p1/views/default/profile.html: -2
[2013-11-10 22:45:24] EDIT p1/controllers/default.py: 3
[2013-11-10 22:46:54] EDIT p1/views/default/profile.html: 0
[2013-11-10 22:47:57] EDIT p1/views/default/profile.html: 0
[2013-11-10 22:48:50] EDIT p1/views/default/profile.html: 0
[2013-11-10 22:52:00] EDIT p1/views/default/profile.html: 0
[2013-11-10 22:58:09] EDIT p1/controllers/default.py: -3
[2013-11-10 22:58:47] EDIT p1/views/default/profile.html: 5
[2013-11-10 22:58:49] EDIT p1/controllers/default.py: 0
[2013-11-10 23:00:15] EDIT p1/views/default/profile.html: 0
[2013-11-10 23:01:02] EDIT p1/views/default/profile.html: 0
[2013-11-10 23:01:13] EDIT p1/views/default/profile.html: 0
[2013-11-10 23:13:38] EDIT p1/views/default/profile.html: -2
[2013-11-10 23:15:50] EDIT p1/views/default/profile.html: 8
[2013-11-10 23:17:56] EDIT p1/views/default/profile.html: 1
[2013-11-10 23:21:22] EDIT p1/views/default/profile.html: -1
[2013-11-10 23:25:18] EDIT p1/views/default/profile.html: 0
[2013-11-10 23:27:26] EDIT p1/views/default/profile.html: 2
[2013-11-10 23:27:47] EDIT p1/views/default/profile.html: 0
[2013-11-10 23:28:13] EDIT p1/views/default/profile.html: 0
[2013-11-10 23:30:35] EDIT p1/views/default/profile.html: 0
[2013-11-10 23:30:57] EDIT p1/views/default/profile.html: -8
[2013-11-10 23:31:54] EDIT p1/views/default/profile.html: 8
[2013-11-10 23:32:01] EDIT p1/views/default/profile.html: 1
[2013-11-10 23:32:12] EDIT p1/views/default/profile.html: -1
[2013-11-10 23:32:21] EDIT p1/views/default/profile.html: 1
[2013-11-10 23:32:42] EDIT p1/views/default/profile.html: -2
[2013-11-10 23:35:35] EDIT p1/views/default/profile.html: 0
[2013-11-10 23:36:12] EDIT p1/views/default/profile.html: 0
[2013-11-10 23:40:07] EDIT p1/views/default/profile.html: 0
[2013-11-10 23:41:10] EDIT p1/views/default/profile.html: 0
[2013-11-10 23:42:00] EDIT p1/views/default/profile.html: 2
[2013-11-10 23:42:33] EDIT p1/views/default/profile.html: 0
[2013-11-10 23:42:47] EDIT p1/views/default/profile.html: 0
[2013-11-10 23:43:28] EDIT p1/views/default/profile.html: 0
[2013-11-10 23:44:23] EDIT p1/views/default/profile.html: 1
[2013-11-10 23:46:25] EDIT p1/views/default/profile.html: -2
[2013-11-10 23:46:39] EDIT p1/views/default/profile.html: 0
[2013-11-10 23:48:18] EDIT p1/views/default/profile.html: 2
[2013-11-10 23:49:52] EDIT p1/views/default/profile.html: -2
[2013-11-10 23:50:33] EDIT p1/views/default/profile.html: 0
[2013-11-10 23:54:44] UPLOAD C:/Users/John/Downloads/web2py_win/web2py/applications/p1/static/PokemonY.png: 3065
[2013-11-11 00:02:10] EDIT p1/views/default/profile.html: 0
[2013-11-11 00:02:34] EDIT p1/views/default/profile.html: 0
[2013-11-11 00:03:28] EDIT p1/views/default/profile.html: 0
[2013-11-11 00:04:01] EDIT p1/views/default/profile.html: 0
[2013-11-11 00:09:39] EDIT p1/views/default/profile.html: 0
[2013-11-11 00:12:48] EDIT p1/views/default/profile.html: 0
[2013-11-11 00:15:05] EDIT p1/views/default/profile.html: 1
[2013-11-11 00:16:11] EDIT p1/views/default/profile.html: 0
[2013-11-11 00:21:17] EDIT p1/views/default/profile.html: 2
[2013-11-11 00:21:34] EDIT p1/views/default/profile.html: 0
[2013-11-11 00:22:10] EDIT p1/views/default/profile.html: -2
[2013-11-11 00:27:19] EDIT p1/views/default/profile.html: 4
[2013-11-11 00:30:11] EDIT p1/views/default/profile.html: -1
[2013-11-11 00:30:56] EDIT p1/views/default/profile.html: -1
[2013-11-11 00:31:17] EDIT p1/views/default/profile.html: 1
[2013-11-11 00:32:28] EDIT p1/views/default/profile.html: 0
[2013-11-11 00:32:48] EDIT p1/views/default/profile.html: 2
[2013-11-11 00:34:52] EDIT p1/views/default/profile.html: 1
[2013-11-11 00:40:57] EDIT p1/views/default/profile.html: 0
[2013-11-11 00:45:15] EDIT p1/views/default/profile.html: -3
[2013-11-11 00:46:28] EDIT p1/views/default/profile.html: 2
[2013-11-11 00:46:52] EDIT p1/views/default/profile.html: 1
[2013-11-11 00:48:53] EDIT p1/views/default/profile.html: 1
[2013-11-11 00:49:39] EDIT p1/views/default/profile.html: 0
[2013-11-11 00:54:39] EDIT p1/views/default/profile.html: 0
[2013-11-11 01:01:09] EDIT p1/views/default/profile.html: -3
[2013-11-11 01:02:41] EDIT p1/views/default/profile.html: 2
[2013-11-11 01:18:36] EDIT p1/views/default/profile.html: -7
[2013-11-11 01:20:24] EDIT p1/views/default/profile.html: -1
[2013-11-11 01:20:37] EDIT p1/views/default/profile.html: 1
[2013-11-16 13:14:20] EDIT p1/views/layout.html: 3
[2013-11-16 13:15:39] EDIT p1/views/layout.html: -1
[2013-11-16 13:16:29] EDIT p1/views/layout.html: 1
[2013-11-16 13:17:10] EDIT p1/views/layout.html: -3
[2013-11-16 13:19:22] EDIT p1/views/layout.html: 17
[2013-11-16 13:20:24] EDIT p1/views/layout.html: -9
[2013-11-16 16:36:21] EDIT p1/views/layout.html: 4
[2013-11-16 16:36:54] EDIT p1/views/layout.html: 0
[2013-11-16 16:37:19] EDIT p1/views/layout.html: 0
[2013-11-16 16:38:52] EDIT p1/views/layout.html: 0
[2013-11-16 16:39:14] EDIT p1/views/layout.html: 0
[2013-11-16 16:40:21] EDIT p1/views/layout.html: 0
[2013-11-16 16:41:14] EDIT p1/views/layout.html: 0
[2013-11-16 16:42:41] EDIT p1/views/layout.html: 1
[2013-11-16 16:43:28] EDIT p1/views/layout.html: -1
[2013-11-16 16:44:11] EDIT p1/views/layout.html: 1
[2013-11-16 16:50:48] CREATE globalFunct.py: 0
[2013-11-16 16:51:33] EDIT p1/models/globalFunct.py: 6
[2013-11-16 16:51:54] EDIT p1/views/layout.html: -1
[2013-11-16 16:53:26] EDIT p1/controllers/default.py: 0
[2013-11-16 16:53:49] EDIT p1/models/globalFunct.py: -6
[2013-11-16 16:54:52] EDIT p1/views/layout.html: 0
[2013-11-16 17:06:53] EDIT p1/views/layout.html: 0
[2013-11-16 17:07:31] EDIT p1/views/layout.html: 0
[2013-11-16 17:07:51] EDIT p1/views/layout.html: 0
[2013-11-16 17:08:12] EDIT p1/views/layout.html: 0
[2013-11-16 17:08:36] EDIT p1/views/layout.html: 0
[2013-11-16 17:18:01] EDIT p1/views/layout.html: 5
[2013-11-16 17:18:43] EDIT p1/views/layout.html: 0
[2013-11-16 17:20:31] EDIT p1/views/layout.html: 0
[2013-11-16 17:20:55] EDIT p1/views/layout.html: 0
[2013-11-16 17:22:13] EDIT p1/views/layout.html: -5
[2013-11-16 17:25:45] EDIT p1/views/layout.html: 0
[2013-11-16 17:26:50] EDIT p1/views/layout.html: 0
[2013-11-16 17:27:12] EDIT p1/views/layout.html: 0
[2013-11-16 17:27:36] EDIT p1/views/layout.html: 0
[2013-11-16 17:28:03] EDIT p1/views/layout.html: 0
[2013-11-16 17:32:58] EDIT p1/views/layout.html: 0
[2013-11-16 17:33:39] EDIT p1/views/layout.html: 0
[2013-11-16 17:35:05] EDIT p1/views/layout.html: 0
[2013-11-16 17:37:20] EDIT p1/views/layout.html: 0
[2013-11-16 17:37:35] EDIT p1/views/layout.html: 0
[2013-11-16 17:38:00] EDIT p1/views/layout.html: 0
[2013-11-16 17:38:21] EDIT p1/views/layout.html: 0
[2013-11-16 17:39:24] EDIT p1/views/layout.html: 0
[2013-11-16 17:39:58] EDIT p1/views/layout.html: 0
[2013-11-16 17:45:49] EDIT p1/views/layout.html: 0
[2013-11-16 17:48:41] EDIT p1/views/layout.html: 0
[2013-11-16 17:49:17] EDIT p1/views/layout.html: 0
[2013-11-16 17:53:28] EDIT p1/views/layout.html: 0
[2013-11-16 17:55:08] EDIT p1/views/layout.html: 0
[2013-11-16 17:55:32] EDIT p1/views/layout.html: 0
[2013-11-16 17:58:54] EDIT p1/views/layout.html: 0
[2013-11-16 18:14:05] EDIT p1/views/layout.html: 0
[2013-11-16 18:15:04] EDIT p1/views/layout.html: 0
[2013-11-16 18:16:22] EDIT p1/views/layout.html: 0
[2013-11-16 18:17:19] EDIT p1/views/layout.html: 0
[2013-11-16 18:18:08] EDIT p1/views/layout.html: 0
[2013-11-16 18:18:29] EDIT p1/views/layout.html: 0
[2013-11-16 18:20:23] EDIT p1/views/layout.html: -4
[2013-11-16 18:20:56] EDIT p1/views/layout.html: 4
[2013-11-16 18:21:09] EDIT p1/views/layout.html: 0
[2013-11-16 18:21:45] EDIT p1/views/layout.html: 0
[2013-11-16 19:25:59] EDIT p1/views/layout.html: 0
[2013-11-16 19:26:06] EDIT p1/views/layout.html: 0
[2013-11-16 19:26:25] EDIT p1/views/layout.html: 0
[2013-11-16 22:31:54] EDIT p1/views/layout.html: 0
[2013-11-16 23:14:14] EDIT p1/views/default/index.html: 0
[2013-11-16 23:14:25] EDIT p1/views/default/index.html: 0
[2013-11-16 23:14:48] EDIT p1/views/default/index.html: 0
[2013-11-16 23:23:03] EDIT p1/views/default/index.html: 0
[2013-11-16 23:23:16] EDIT p1/views/default/index.html: 0
[2013-11-16 23:24:10] EDIT p1/views/layout.html: 0
[2013-11-16 23:27:15] EDIT p1/views/layout.html: 0
[2013-11-16 23:27:43] EDIT p1/views/layout.html: 0
[2013-11-16 23:28:03] EDIT p1/views/layout.html: 0
[2013-11-16 23:28:44] EDIT p1/views/layout.html: 0
[2013-11-16 23:29:00] EDIT p1/views/layout.html: 0
[2013-11-16 23:31:55] EDIT p1/views/layout.html: 0
[2013-11-16 23:36:43] EDIT p1/views/layout.html: 0
[2013-11-20 12:33:00] EDIT p1/views/layout.html: 0
[2013-11-20 12:34:03] EDIT p1/views/layout.html: 0
[2013-11-20 12:36:56] EDIT p1/views/layout.html: 0
[2013-11-20 12:38:22] EDIT p1/views/layout.html: 0
[2013-11-20 12:40:26] EDIT p1/views/layout.html: 0
[2013-11-20 12:42:10] EDIT p1/views/layout.html: 0
[2013-11-20 12:47:48] EDIT p1/views/layout.html: 0
[2013-11-20 12:48:04] EDIT p1/views/layout.html: 0
[2013-11-20 12:49:36] EDIT p1/views/layout.html: 2
[2013-11-20 12:50:51] EDIT p1/views/layout.html: -2
[2013-11-20 13:03:46] EDIT p1/views/layout.html: 0
[2013-11-20 13:11:43] EDIT p1/views/layout.html: 3
[2013-11-20 13:12:10] EDIT p1/views/layout.html: -3
[2013-11-20 15:15:16] EDIT p1/views/layout.html: 0
[2013-11-20 15:29:36] EDIT p1/views/layout.html: 0
[2013-11-20 15:32:29] EDIT p1/views/layout.html: 0
[2013-11-20 15:38:14] EDIT p1/views/layout.html: 0
[2013-11-20 15:46:29] EDIT p1/views/layout.html: 0
[2013-11-20 15:47:12] EDIT p1/views/layout.html: 0
[2013-11-20 15:53:08] EDIT p1/views/layout.html: 0
[2013-11-20 15:54:03] EDIT p1/views/layout.html: 0
[2013-11-20 15:55:52] EDIT p1/views/layout.html: 4
[2013-11-20 15:57:20] EDIT p1/views/layout.html: 2
[2013-11-20 15:59:52] EDIT p1/views/layout.html: 0
[2013-11-20 16:15:35] EDIT p1/views/layout.html: 0
[2013-11-20 16:16:45] EDIT p1/views/layout.html: 0
[2013-11-20 16:18:50] EDIT p1/views/layout.html: 1
[2013-11-20 16:20:46] EDIT p1/views/layout.html: -1
[2013-11-20 22:50:22] CREATE message.py: 0
[2013-11-20 22:50:33] EDIT p1/models/message.py: 24
[2013-11-20 22:51:14] EDIT p1/controllers/default.py: 11
[2013-11-20 22:56:48] CREATE default/create_message.html: 0
[2013-11-20 22:56:59] EDIT p1/views/default/create_message.html: -1
[2013-11-20 23:00:06] EDIT p1/views/default/inbox.html: 4
[2013-11-20 23:00:40] EDIT p1/views/default/inbox.html: -4
[2013-11-20 23:01:57] EDIT p1/views/default/inbox.html: 4
[2013-11-20 23:11:34] EDIT p1/views/default/index.html: 0
[2013-11-20 23:15:32] EDIT p1/views/default/inbox.html: 1
[2013-11-20 23:18:45] EDIT p1/views/default/inbox.html: 0
[2013-11-20 23:19:14] EDIT p1/views/default/inbox.html: 0
[2013-11-20 23:20:58] EDIT p1/views/default/inbox.html: 3
[2013-11-21 22:01:57] EDIT p1/views/default/profile.html: -7
[2013-11-21 22:04:32] EDIT p1/views/layout.html: 0
[2013-11-21 22:05:40] EDIT p1/views/layout.html: 0
[2013-11-21 22:06:14] EDIT p1/views/layout.html: 0
[2013-11-21 22:06:21] EDIT p1/views/layout.html: 0
[2013-11-21 22:06:42] EDIT p1/views/layout.html: 0
[2013-11-21 22:24:05] EDIT p1/views/default/inbox.html: 2
[2013-11-21 22:37:17] EDIT p1/views/default/inbox.html: 7
[2013-11-21 22:37:38] EDIT p1/views/default/inbox.html: 1
[2013-11-21 22:38:18] EDIT p1/views/default/inbox.html: 0
[2013-11-21 22:42:09] EDIT p1/views/default/inbox.html: 0
[2013-11-21 22:42:44] EDIT p1/views/default/inbox.html: 0
[2013-11-21 22:43:04] EDIT p1/views/default/inbox.html: 0
[2013-11-21 22:43:33] EDIT p1/views/default/inbox.html: 0
[2013-11-21 22:44:01] EDIT p1/views/default/inbox.html: 0
[2013-11-21 22:44:19] EDIT p1/views/default/inbox.html: 0
[2013-11-21 22:45:22] EDIT p1/views/default/inbox.html: 2
[2013-11-21 22:46:05] EDIT p1/views/default/inbox.html: 0
[2013-11-21 22:46:19] EDIT p1/views/default/inbox.html: 0
[2013-11-21 22:46:43] EDIT p1/views/default/inbox.html: 0
[2013-11-21 22:47:07] EDIT p1/views/default/inbox.html: 0
[2013-11-21 22:48:44] EDIT p1/models/message.py: 0
[2013-11-21 22:50:55] EDIT p1/views/default/inbox.html: 0
[2013-11-21 22:54:32] EDIT p1/views/default/inbox.html: 2
[2013-11-21 22:54:53] EDIT p1/views/default/inbox.html: 0
[2013-11-21 22:56:18] EDIT p1/views/default/inbox.html: -1
[2013-11-21 22:56:56] EDIT p1/views/default/inbox.html: 0
[2013-11-21 22:57:11] EDIT p1/views/default/inbox.html: 0
[2013-11-21 22:58:31] EDIT p1/views/default/inbox.html: 3
[2013-11-21 22:59:10] EDIT p1/views/default/inbox.html: 0
[2013-11-21 22:59:37] EDIT p1/views/default/inbox.html: 0
[2013-11-21 22:59:59] EDIT p1/views/default/inbox.html: 0
[2013-11-21 23:03:05] EDIT p1/views/default/profile.html: 0
[2013-11-21 23:03:24] EDIT p1/views/default/profile.html: 0
[2013-11-21 23:03:49] EDIT p1/views/default/profile.html: 0
[2013-11-21 23:07:08] EDIT p1/views/default/inbox.html: 0
[2013-11-21 23:09:07] EDIT p1/views/default/inbox.html: 0
[2013-11-21 23:11:45] EDIT p1/models/message.py: 5
[2013-11-21 23:15:46] EDIT p1/models/message.py: 3
[2013-11-21 23:16:01] EDIT p1/models/message.py: 0
[2013-11-21 23:16:59] EDIT p1/models/message.py: -8
[2013-11-21 23:17:58] EDIT p1/models/message.py: 0
[2013-11-21 23:19:28] EDIT p1/models/message.py: 0
[2013-11-21 23:19:32] EDIT p1/models/message.py: 0
[2013-11-21 23:19:59] EDIT p1/models/message.py: 0
[2013-11-21 23:20:22] EDIT p1/models/message.py: 0
[2013-11-21 23:20:59] EDIT p1/models/message.py: 0
[2013-11-21 23:22:57] EDIT p1/views/default/index.html: -19
[2013-11-21 23:33:50] EDIT p1/views/default/index.html: 0
[2013-11-21 23:33:51] EDIT p1/views/default/index.html: 0
[2013-11-21 23:40:26] EDIT p1/views/default/index.html: 3
[2013-11-21 23:41:00] EDIT p1/views/default/index.html: 0
[2013-11-22 12:44:21] EDIT p1halfway/controllers/default.py: 1
[2013-11-22 12:59:23] EDIT p1halfway/models/globalFunct.py: 6
[2013-11-22 12:59:49] EDIT p1halfway/views/default/inbox.html: 0
[2013-11-22 13:01:17] EDIT p1halfway/models/globalFunct.py: 0
[2013-11-22 13:03:43] EDIT p1halfway/models/message.py: 0
[2013-11-22 13:04:49] EDIT p1halfway/models/globalFunct.py: 0
[2013-11-22 13:05:16] EDIT p1halfway/views/default/inbox.html: 0
[2013-11-22 13:05:47] EDIT p1halfway/views/default/inbox.html: 0
[2013-11-22 13:06:23] EDIT p1halfway/models/tables.py: 6
[2013-11-22 13:06:42] EDIT p1halfway/models/tables.py: 0
[2013-11-22 13:07:35] EDIT p1halfway/models/globalFunct.py: 0
[2013-11-22 13:07:48] EDIT p1halfway/models/message.py: 0
[2013-11-22 13:08:27] EDIT p1halfway/models/message.py: 0
[2013-11-22 13:09:19] EDIT p1halfway/models/tables.py: -1
[2013-11-22 13:10:12] EDIT p1halfway/models/tables.py: 6
[2013-11-22 13:18:08] EDIT p1halfway/models/tables.py: 0
[2013-11-22 13:18:11] EDIT p1halfway/models/message.py: -5
[2013-11-22 13:23:14] EDIT p1halfway/models/tables.py: 3
[2013-11-22 13:23:21] EDIT p1halfway/models/tables.py: 0
[2013-11-22 13:26:06] EDIT p1halfway/models/tables.py: 0
[2013-11-22 13:28:07] EDIT p1halfway/views/default/index.html: 6
[2013-11-22 13:28:24] EDIT p1halfway/views/default/index.html: 0
[2013-11-22 13:32:43] EDIT p1halfway/models/tables.py: 3
[2013-11-22 13:34:11] EDIT p1halfway/models/globalFunct.py: -6
[2013-11-22 13:39:17] EDIT p1halfway/views/default/index.html: 1
[2013-11-22 13:40:12] EDIT p1halfway/models/tables.py: 0
[2013-11-22 13:41:46] EDIT p1halfway/views/default/index.html: -1
[2013-11-22 13:47:23] EDIT p1halfway/views/default/index.html: 1
[2013-11-22 13:49:12] EDIT p1halfway/views/default/index.html: 0
[2013-11-22 13:49:41] EDIT p1halfway/views/default/index.html: 0
[2013-11-22 14:00:15] EDIT p1halfway/views/default/index.html: 6
[2013-11-22 14:01:22] EDIT p1halfway/views/default/index.html: 0
[2013-11-22 14:01:47] EDIT p1halfway/views/default/index.html: 0
[2013-11-22 14:03:18] EDIT p1halfway/views/default/index.html: 1
[2013-11-22 14:03:32] EDIT p1halfway/views/default/index.html: 0
[2013-11-22 14:19:08] EDIT p1halfway/views/default/index.html: 0
[2013-11-22 14:19:32] EDIT p1halfway/views/default/index.html: 0
[2013-11-22 14:20:51] EDIT p1halfway/views/default/index.html: 0
[2013-11-22 14:22:52] EDIT p1halfway/views/default/index.html: 0
[2013-11-22 14:23:23] EDIT p1halfway/views/default/index.html: 0
[2013-11-22 16:26:20] EDIT p1halfway/controllers/default.py: 1
[2013-11-22 16:28:11] EDIT p1halfway/views/default/index.html: 1
[2013-11-22 16:29:12] EDIT p1halfway/models/tables.py: 3
[2013-11-22 16:31:01] EDIT p1halfway/views/default/index.html: 0
[2013-11-22 16:36:03] EDIT p1halfway/views/default/index.html: 27
[2013-11-22 16:36:27] EDIT p1halfway/views/default/index.html: 0
[2013-11-22 18:01:57] EDIT p1halfway/views/default/index.html: -1
[2013-11-22 18:05:37] EDIT p1halfway/views/default/index.html: 2
[2013-11-22 18:06:00] EDIT p1halfway/views/default/index.html: -3
[2013-11-22 18:10:42] EDIT p1halfway/views/default/index.html: 0
[2013-11-22 18:10:59] EDIT p1halfway/views/default/index.html: 0
[2013-11-22 18:13:18] EDIT p1halfway/views/default/index.html: 0
[2013-11-22 18:18:30] EDIT p1halfway/views/default/index.html: 8
[2013-11-22 18:20:22] EDIT p1halfway/views/default/index.html: 0
[2013-11-22 18:20:59] EDIT p1halfway/views/default/index.html: -1
[2013-11-22 18:23:11] EDIT p1halfway/views/default/index.html: 0
[2013-11-22 18:25:28] EDIT p1halfway/views/default/index.html: 1
[2013-11-22 18:25:54] EDIT p1halfway/views/default/index.html: 0
[2013-11-22 18:30:12] EDIT p1halfway/views/default/index.html: 1
[2013-11-22 18:30:17] EDIT p1halfway/views/default/index.html: 0
[2013-11-22 18:30:19] EDIT p1halfway/views/default/index.html: 0
[2013-11-22 19:39:26] EDIT p1halfway/views/default/index.html: -11
[2013-11-22 19:40:31] EDIT p1halfway/views/default/index.html: 1
[2013-11-22 19:41:40] EDIT p1halfway/views/default/index.html: 0
[2013-11-22 19:43:13] EDIT p1halfway/views/default/index.html: 0
[2013-11-22 19:43:44] EDIT p1halfway/views/default/index.html: 0
[2013-11-22 19:47:42] EDIT p1halfway/views/default/index.html: 0
[2013-11-22 19:48:11] EDIT p1halfway/views/default/index.html: 0
[2013-11-22 19:48:51] EDIT p1halfway/views/default/index.html: 0
[2013-11-22 19:49:12] EDIT p1halfway/views/default/index.html: 0
[2013-11-22 19:50:29] EDIT p1halfway/views/default/index.html: 0
[2013-11-22 19:51:10] EDIT p1halfway/views/default/index.html: 0
[2013-11-22 19:51:25] EDIT p1halfway/views/default/index.html: 0
[2013-11-22 19:54:45] EDIT p1halfway/views/default/index.html: 9
[2013-11-22 19:55:50] EDIT p1halfway/views/default/index.html: 0
[2013-11-22 19:56:47] EDIT p1halfway/views/default/index.html: 0
[2013-11-22 19:57:19] EDIT p1halfway/views/default/index.html: 0
[2013-11-22 19:58:32] EDIT p1halfway/views/default/index.html: 1
[2013-11-22 19:59:16] EDIT p1halfway/views/default/index.html: 1
[2013-11-22 20:05:01] EDIT p1halfway/views/default/index.html: 0
[2013-11-22 20:12:18] CREATE default/index_comments.html: 0
[2013-11-22 20:15:37] EDIT p1halfway/views/default/index_comments.html: 24
[2013-11-22 20:16:37] EDIT p1halfway/controllers/default.py: 35
[2013-11-22 20:18:41] EDIT p1halfway/models/tables.py: 0
[2013-11-22 20:19:26] EDIT p1halfway/models/tables.py: 3
[2013-11-22 20:26:02] EDIT p1halfway/controllers/default.py: 1
[2013-11-22 20:31:43] EDIT p1halfway/controllers/default.py: 0
[2013-11-22 20:40:37] EDIT p1halfway/controllers/default.py: 0
[2013-11-22 20:40:51] EDIT p1halfway/controllers/default.py: 0
[2013-11-22 20:41:13] EDIT p1halfway/controllers/default.py: -1
[2013-11-22 20:41:15] EDIT p1halfway/controllers/default.py: 0
[2013-11-22 20:41:31] EDIT p1halfway/controllers/default.py: 1
[2013-11-22 20:41:44] EDIT p1halfway/controllers/default.py: -1
[2013-11-22 20:41:58] EDIT p1halfway/controllers/default.py: 1
[2013-11-22 20:43:00] EDIT p1halfway/controllers/default.py: 0
[2013-11-22 20:43:34] EDIT p1halfway/controllers/default.py: 0
[2013-11-22 20:44:23] EDIT p1halfway/controllers/default.py: -23
[2013-11-22 20:54:24] EDIT p1halfway/views/default/index.html: -47
[2013-11-22 20:56:33] EDIT p1halfway/views/default/index.html: 0
[2013-11-22 20:59:33] EDIT p1halfway/views/default/index.html: 5
[2013-11-22 21:00:18] EDIT p1halfway/views/default/index.html: 0
[2013-11-24 01:43:05] EDIT p1halfway/views/default/search.html: 0
[2013-11-25 17:16:57] EDIT p1halfway/controllers/default.py: -10
[2013-11-25 17:18:40] EDIT p1halfway/controllers/default.py: 3
[2013-11-25 17:19:15] EDIT p1halfway/views/default/index_comments.html: -5
[2013-11-25 17:19:18] EDIT p1halfway/controllers/default.py: 0
[2013-11-25 17:19:20] EDIT p1halfway/models/tables.py: 0
[2013-11-25 17:21:32] EDIT p1halfway/views/default/index_comments.html: 1
[2013-11-25 17:23:32] EDIT p1halfway/views/default/index_comments.html: 1
[2013-11-25 17:24:53] EDIT p1halfway/views/default/index_comments.html: 1
[2013-11-25 17:25:58] EDIT p1halfway/views/default/index_comments.html: 0
[2013-11-25 17:27:44] EDIT p1halfway/controllers/default.py: 1
[2013-11-25 17:28:30] EDIT p1halfway/controllers/default.py: 1
[2013-11-25 17:37:29] EDIT p1halfway/views/default/index_comments.html: -6
[2013-11-25 17:38:52] EDIT p1halfway/views/default/index_comments.html: -1
[2013-11-25 17:39:04] EDIT p1halfway/controllers/default.py: -1
[2013-11-25 17:41:27] EDIT p1halfway/controllers/default.py: 0
[2013-11-25 17:48:45] EDIT p1halfway/views/default/index_comments.html: 7
[2013-11-25 17:48:57] EDIT p1halfway/views/default/index_comments.html: 1
[2013-11-25 17:49:24] EDIT p1halfway/views/default/index_comments.html: 0
[2013-11-25 17:49:43] EDIT p1halfway/views/default/index_comments.html: 0
[2013-11-25 17:51:41] EDIT p1halfway/views/default/index_comments.html: 3
[2013-11-25 17:51:53] EDIT p1halfway/views/default/index_comments.html: 0
[2013-11-25 17:54:21] EDIT p1halfway/views/default/index_comments.html: 1
[2013-11-25 17:57:30] EDIT p1halfway/views/default/index_comments.html: 2
[2013-11-25 17:58:44] EDIT p1halfway/views/default/index_comments.html: 0
[2013-11-25 17:59:22] EDIT p1halfway/views/default/index_comments.html: 3
[2013-11-25 17:59:44] EDIT p1halfway/views/default/index_comments.html: -3
[2013-11-25 18:00:23] EDIT p1halfway/views/default/index_comments.html: 0
[2013-11-25 18:13:05] EDIT p1halfway/views/default/index_comments.html: 24
[2013-11-25 18:15:37] EDIT p1halfway/controllers/default.py: 6
[2013-11-25 18:19:44] EDIT p1halfway/controllers/default.py: 9
[2013-11-25 18:20:13] EDIT p1halfway/views/default/index_comments.html: 1
[2013-11-25 18:20:48] EDIT p1halfway/views/default/index_comments.html: 0
[2013-11-25 18:21:25] EDIT p1halfway/views/default/index_comments.html: -14
[2013-11-25 18:22:46] EDIT p1halfway/controllers/default.py: 0
[2013-11-25 18:23:00] EDIT p1halfway/views/default/index_comments.html: 14
[2013-11-25 18:24:32] EDIT p1halfway/views/default/index_comments.html: 1
[2013-11-25 18:25:23] EDIT p1halfway/views/default/index_comments.html: 1
[2013-11-25 18:25:56] EDIT p1halfway/views/default/index_comments.html: 1
[2013-11-25 18:26:19] EDIT p1halfway/views/default/index_comments.html: 1
[2013-11-25 18:27:39] EDIT p1halfway/views/default/index_comments.html: -1
[2013-11-25 18:28:08] EDIT p1halfway/views/default/index_comments.html: 0
[2013-11-25 18:28:59] EDIT p1halfway/views/default/index_comments.html: 0
[2013-11-25 18:29:17] EDIT p1halfway/views/default/index_comments.html: 0
[2013-11-25 18:29:33] EDIT p1halfway/views/default/index_comments.html: -1
[2013-11-25 18:29:50] EDIT p1halfway/views/default/index_comments.html: 0
[2013-11-25 18:30:04] EDIT p1halfway/views/default/index_comments.html: 0
[2013-11-25 18:31:06] EDIT p1halfway/views/default/index_comments.html: -1
[2013-11-25 18:31:16] EDIT p1halfway/views/default/index_comments.html: 1
[2013-11-25 18:31:56] EDIT p1halfway/views/default/index_comments.html: 0
[2013-11-25 18:32:42] EDIT p1halfway/views/default/index_comments.html: 0
[2013-11-25 23:34:38] EDIT p1halfway/views/default/index_comments.html: 0
[2013-11-25 23:37:11] EDIT p1halfway/views/default/index_comments.html: 0
[2013-11-25 23:47:26] EDIT p1halfway/views/default/index_comments.html: 1
[2013-11-26 00:00:35] EDIT p1halfway/views/default/index_comments.html: 0
[2013-11-26 00:05:59] EDIT p1halfway/views/default/index_comments.html: 4
[2013-11-26 00:24:25] EDIT p1halfway/controllers/default.py: -10
[2013-11-26 00:37:25] EDIT p1halfway/views/default/index_comments.html: -19
[2013-11-26 00:39:03] EDIT p1halfway/controllers/default.py: 0
[2013-11-26 00:39:39] EDIT p1halfway/controllers/default.py: 0
[2013-11-26 00:43:55] EDIT p1halfway/controllers/default.py: 0
[2013-11-26 00:44:41] EDIT p1halfway/controllers/default.py: 0
[2013-11-26 00:45:08] EDIT p1halfway/controllers/default.py: 0
[2013-11-26 01:03:36] EDIT p1halfway/controllers/default.py: 1
[2013-11-26 01:04:37] EDIT p1halfway/controllers/default.py: 0
[2013-11-26 01:14:29] EDIT p1halfway/views/default/index_comments.html: 1
[2013-11-26 01:58:59] EDIT p1halfway/views/default/index_comments.html: -6
[2013-11-26 02:00:37] EDIT p1halfway/controllers/default.py: 0
[2013-11-26 02:01:45] EDIT p1halfway/views/default/index_comments.html: -2
[2013-11-26 02:06:01] EDIT p1halfway/controllers/default.py: 0
[2013-11-26 02:07:22] EDIT p1halfway/views/default/index_comments.html: 1
[2013-11-26 02:08:47] EDIT p1halfway/views/default/index_comments.html: 0
[2013-11-26 02:16:40] EDIT p1halfway/views/default/index_comments.html: 5
[2013-11-26 02:18:04] EDIT p1halfway/views/default/index_comments.html: 0
[2013-11-26 02:20:11] EDIT p1halfway/views/default/index_comments.html: 0
[2013-11-26 02:21:56] EDIT p1halfway/views/default/index_comments.html: -5
[2013-11-26 02:22:52] EDIT p1halfway/views/default/index_comments.html: 0
[2013-11-26 02:27:14] EDIT p1halfway/views/default/index_comments.html: 3
[2013-11-26 02:27:44] EDIT p1halfway/views/default/index_comments.html: -2
[2013-11-26 02:32:13] EDIT p1halfway/views/default/index_comments.html: 0
[2013-11-26 02:33:19] EDIT p1halfway/views/default/index_comments.html: 0
[2013-11-26 02:35:38] EDIT p1halfway/views/default/index_comments.html: 1
[2013-11-26 02:45:48] EDIT p1halfway/views/default/index_comments.html: 0
[2013-11-26 02:47:34] EDIT p1halfway/views/default/index_comments.html: -1
[2013-11-26 02:49:22] EDIT p1halfway/views/default/index_comments.html: -1
[2013-11-26 02:50:16] EDIT p1halfway/views/default/index_comments.html: 1
[2013-11-26 02:51:35] EDIT p1halfway/views/default/index_comments.html: 0
[2013-11-26 02:52:01] EDIT p1halfway/views/default/index_comments.html: 0
